-------------------------------------------------------------------------------
Test set: RepositoryTest
-------------------------------------------------------------------------------
Tests run: 1, Failures: 0, Errors: 1, Skipped: 0, Time elapsed: 0.449 s <<< FAILURE! - in RepositoryTest
RepositoryTest  Time elapsed: 0.448 s  <<< ERROR!
java.lang.IllegalStateException: Unable to find a @SpringBootConfiguration, you need to use @ContextConfiguration or @SpringBootTest(classes=...) with your test

